<?xml version="1.0" encoding="utf-8"?><testsuites name="pytest tests"><testsuite name="pytest" errors="0" failures="0" skipped="0" tests="6" time="1.115" timestamp="2026-01-11T11:43:49.916577+00:00" hostname="agent-env-aa7e05f9-18d9-4d50-ad5e-8cc164a6d952"><testcase classname="tests.test_auth_api.TestAuthAPI" name="test_login_success" time="0.300" /><testcase classname="tests.test_auth_api.TestAuthAPI" name="test_login_invalid_credentials" time="0.037" /><testcase classname="tests.test_auth_api.TestAuthAPI" name="test_login_empty_credentials" time="0.042" /><testcase classname="tests.test_auth_api.TestVerifyToken" name="test_verify_token_valid" time="0.295" /><testcase classname="tests.test_auth_api.TestVerifyToken" name="test_verify_token_invalid" time="0.039" /><testcase classname="tests.test_auth_api.TestCompaniesAPI" name="test_get_companies" time="0.298" /></testsuite></testsuites>