<?xml version="1.0" encoding="utf-8"?><testsuites name="pytest tests"><testsuite name="pytest" errors="0" failures="0" skipped="0" tests="8" time="2.397" timestamp="2026-01-11T14:28:04.385188+00:00" hostname="agent-env-f5b67b3e-b8ac-4568-961b-b050c7ead49b"><testcase classname="tests.test_survey_report_expiry.TestSurveyReportExpiryCalculation" name="test_01_get_existing_survey_reports_with_status" time="0.299" /><testcase classname="tests.test_survey_report_expiry.TestSurveyReportExpiryCalculation" name="test_02_verify_expired_status_calculation" time="0.279" /><testcase classname="tests.test_survey_report_expiry.TestSurveyReportExpiryCalculation" name="test_03_verify_valid_status_calculation" time="0.277" /><testcase classname="tests.test_survey_report_expiry.TestSurveyReportExpiryCalculation" name="test_04_create_survey_report_calculates_expiry" time="0.286" /><testcase classname="tests.test_survey_report_expiry.TestSurveyReportExpiryCalculation" name="test_05_create_survey_report_with_old_date_gets_expired_status" time="0.288" /><testcase classname="tests.test_survey_report_expiry.TestSurveyReportExpiryCalculation" name="test_06_update_survey_report_recalculates_expiry" time="0.302" /><testcase classname="tests.test_survey_report_expiry.TestSurveyReportExpiryCalculation" name="test_07_issued_by_normalization" time="0.293" /><testcase classname="tests.test_survey_report_expiry.TestNoFetchCertificatesForSurveyReports" name="test_survey_reports_api_returns_complete_data" time="0.270" /></testsuite></testsuites>